<?xml version="1.0" encoding="UTF-8"?>
<!-- Generated by org.testng.reporters.JUnitReportReporter -->
<testsuite skipped="0" hostname="Gaurav-PC" name="com.crm.qa.testcases.HomePageTest" tests="6" failures="0" timestamp="12 Oct 2018 07:11:33 GMT" time="105.296" errors="0">
  <testcase name="verifyhomepagetitleTest" time="15.326" classname="com.crm.qa.testcases.HomePageTest"/>
  <testcase name="verifyusernameTest" time="17.077" classname="com.crm.qa.testcases.HomePageTest"/>
  <testcase name="verifycontactlinkTest" time="18.263" classname="com.crm.qa.testcases.HomePageTest"/>
  <testcase name="verifyDeallinkTest" time="20.223" classname="com.crm.qa.testcases.HomePageTest"/>
  <testcase name="verifytasklink" time="17.011" classname="com.crm.qa.testcases.HomePageTest"/>
  <testcase name="verifytexttasklink" time="17.396" classname="com.crm.qa.testcases.HomePageTest"/>
</testsuite> <!-- com.crm.qa.testcases.HomePageTest -->
