<?xml version="1.0" encoding="UTF-8"?>
<!-- Generated by org.testng.reporters.JUnitReportReporter -->
<testsuite skipped="0" hostname="Gaurav-PC" name="com.crm.qa.testcases.LoginPageTest" tests="3" failures="0" timestamp="12 Oct 2018 07:11:33 GMT" time="39.009" errors="0">
  <testcase name="logintestTitleTest" time="10.514" classname="com.crm.qa.testcases.LoginPageTest"/>
  <testcase name="CrmLogoTest" time="12.980" classname="com.crm.qa.testcases.LoginPageTest"/>
  <testcase name="LoginTest" time="15.515" classname="com.crm.qa.testcases.LoginPageTest"/>
</testsuite> <!-- com.crm.qa.testcases.LoginPageTest -->
