<?xml version="1.0" encoding="UTF-8"?>
<!-- Generated by org.testng.reporters.JUnitReportReporter -->
<testsuite skipped="0" hostname="Gaurav-PC" name="com.crm.qa.testcases.HomePageTest" tests="6" failures="0" timestamp="13 Oct 2018 11:23:07 GMT" time="143.324" errors="0">
  <testcase name="verifyhomepagetitleTest" time="21.436" classname="com.crm.qa.testcases.HomePageTest"/>
  <testcase name="verifyusernameTest" time="19.364" classname="com.crm.qa.testcases.HomePageTest"/>
  <testcase name="verifycontactlinkTest" time="30.853" classname="com.crm.qa.testcases.HomePageTest"/>
  <testcase name="verifyDeallinkTest" time="22.784" classname="com.crm.qa.testcases.HomePageTest"/>
  <testcase name="verifytasklink" time="21.256" classname="com.crm.qa.testcases.HomePageTest"/>
  <testcase name="verifytexttasklink" time="27.631" classname="com.crm.qa.testcases.HomePageTest"/>
</testsuite> <!-- com.crm.qa.testcases.HomePageTest -->
