<?xml version="1.0" encoding="UTF-8"?>
<!-- Generated by org.testng.reporters.JUnitReportReporter -->
<testsuite skipped="0" hostname="Gaurav-PC" name="com.crm.qa.testcases.LoginPageTest" tests="3" failures="0" timestamp="13 Oct 2018 11:23:07 GMT" time="45.013" errors="0">
  <testcase name="logintestTitleTest" time="11.842" classname="com.crm.qa.testcases.LoginPageTest"/>
  <testcase name="CrmLogoTest" time="13.713" classname="com.crm.qa.testcases.LoginPageTest"/>
  <testcase name="LoginTest" time="19.458" classname="com.crm.qa.testcases.LoginPageTest"/>
</testsuite> <!-- com.crm.qa.testcases.LoginPageTest -->
